<?xml version="1.0" encoding="UTF-8"?>
<!-- Generated by org.testng.reporters.JUnitReportReporter -->
<testsuite hostname="Inspiron-545" failures="0" tests="3" name="Academy.HomePageTest" time="4.766" errors="0" timestamp="2019-12-26T20:57:22 EST" skipped="0">
  <testcase classname="Academy.HomePageTest" name="BasePageNavigation" time="4.597"/>
  <testcase classname="Academy.HomePageTest" name="validateHeader" time="0.088"/>
  <testcase classname="Academy.HomePageTest" name="validateTitle" time="0.081"/>
</testsuite> <!-- Academy.HomePageTest -->
