<?xml version="1.0" encoding="UTF-8"?>
<!-- Generated by org.testng.reporters.JUnitReportReporter -->
<testsuite hostname="Inspiron-545" failures="0" tests="4" name="Academy.HomePage" time="14.501" errors="0" timestamp="2019-12-26T18:48:34 EST" skipped="0">
  <testcase classname="Academy.HomePage" name="BasePageNavigation" time="7.101"/>
  <testcase classname="Academy.HomePage" name="validateHeader" time="0.494"/>
  <testcase classname="Academy.HomePage" name="validateTitle" time="0.210"/>
  <testcase classname="Academy.HomePage" name="LoginPageNavigation" time="6.696"/>
</testsuite> <!-- Academy.HomePage -->
