<?xml version="1.0" encoding="UTF-8"?>
<!-- Generated by org.testng.reporters.JUnitReportReporter -->
<testsuite hostname="Inspiron-545" failures="0" tests="1" name="Academy.LoginPageTest" time="12.188" errors="0" timestamp="2019-12-28T22:09:16 EST" skipped="0">
  <testcase classname="Academy.LoginPageTest" name="LoginPageNavigation" time="12.188"/>
</testsuite> <!-- Academy.LoginPageTest -->
