<?xml version="1.0" encoding="UTF-8"?>
<!-- Generated by org.testng.reporters.JUnitReportReporter -->
<testsuite hostname="Inspiron-545" failures="0" tests="3" name="Academy.HomePageTest" time="7.375" errors="0" timestamp="2019-12-28T22:09:16 EST" skipped="0">
  <testcase classname="Academy.HomePageTest" name="BasePageNavigation" time="6.524"/>
  <testcase classname="Academy.HomePageTest" name="validateHeader" time="0.602"/>
  <testcase classname="Academy.HomePageTest" name="validateTitle" time="0.249"/>
</testsuite> <!-- Academy.HomePageTest -->
