<?xml version="1.0" encoding="UTF-8"?>
<!-- Generated by org.testng.reporters.JUnitReportReporter -->
<testsuite hostname="Inspiron-545" failures="0" tests="1" name="Academy.HomePage" time="14.509" errors="0" timestamp="2019-12-26T15:14:41 EST" skipped="0">
  <testcase classname="Academy.HomePage" name="BasePageNavigation" time="14.509"/>
</testsuite> <!-- Academy.HomePage -->
